Arguments: 
  C:\Program Files\nodejs\node.exe C:\Users\yhyeo\AppData\Roaming\npm\node_modules\yarn\bin\yarn.js init

PATH: 
  C:\Users\yhyeo\AppData\Roaming\MobaXterm\slash\bin;C:\Users\yhyeo\AppData\Roaming\MobaXterm\slash\bin;C:\Windows;C:\Windows\system32;C:\ProgramData\Oracle\Java\javapath;C:\Program Files\Common Files\Oracle\Java\javapath;C:\Windows\system32;C:\Windows;C:\Windows\System32\Wbem;C:\Windows\System32\WindowsPowerShell\v1.0;C:\Program Files\Git\cmd;C:\Program Files\nodejs;C:\Program Files\MySQL\MySQL Server 8.0\bin;C:\Program Files\TortoiseSVN\bin;C:\Program Files\MySQL\MySQL Shell 8.0\bin;C:\Users\yhyeo\AppData\Local\Microsoft\WindowsApps;C:\Users\yhyeo\AppData\Local\Programs\Microsoft VS Code\bin;C:\Users\yhyeo\AppData\Roaming\npm;C:\Windows\sysnative

Yarn version: 
  1.22.17

Node version: 
  16.14.0

Platform: 
  win32 x64

Trace: 
  Error: Can't answer a question unless a user TTY
      at ConsoleReporter.question (C:\Users\yhyeo\AppData\Roaming\npm\node_modules\yarn\lib\cli.js:96935:59)
      at Object.<anonymous> (C:\Users\yhyeo\AppData\Roaming\npm\node_modules\yarn\lib\cli.js:89125:38)
      at Generator.next (<anonymous>)
      at step (C:\Users\yhyeo\AppData\Roaming\npm\node_modules\yarn\lib\cli.js:310:30)
      at C:\Users\yhyeo\AppData\Roaming\npm\node_modules\yarn\lib\cli.js:321:13

npm manifest: 
  No manifest

yarn manifest: 
  No manifest

Lockfile: 
  No lockfile
